# JRE version: OpenJDK Runtime Environment Temurin-17.0.16+8 (17.0.16+8) (build 17.0.16+8)
# Java VM: OpenJDK 64-Bit Server VM Temurin-17.0.16+8 (17.0.16+8, mixed mode, sharing, tiered, compressed oops, compressed class ptrs, g1 gc, windows-amd64)
GC Precious Log:
 CPUs: 8 total, 8 available
 Memory: 16218M
 Large Page Support: Disabled
 NUMA Support: Disabled
 Compressed Oops: Enabled (32-bit)
 Heap Region Size: 1M
 Heap Min Capacity: 8M
 Heap Initial Capacity: 254M
 Heap Max Capacity: 2G
 Pre-touch: Disabled
 Parallel Workers: 8
 Concurrent Workers: 2
 Concurrent Refinement Workers: 8
 Periodic GC: Disabled
Heap:
 garbage-first heap   total 260096K, used 62109K [0x0000000080000000, 0x0000000100000000)
  region size 1024K, 51 young (52224K), 5 survivors (5120K)
 Metaspace       used 13826K, committed 14080K, reserved 1114112K
  class space    used 1880K, committed 2048K, reserved 1048576K
GC Heap History (6 events):
Event: 9.007 GC heap before
{Heap before GC invocations=0 (full 0):
 garbage-first heap   total 260096K, used 23552K [0x0000000080000000, 0x0000000100000000)
  region size 1024K, 23 young (23552K), 0 survivors (0K)
 Metaspace       used 1117K, committed 1280K, reserved 1114112K
  class space    used 78K, committed 128K, reserved 1048576K
}
Event: 9.288 GC heap after
{Heap after GC invocations=1 (full 0):
 garbage-first heap   total 260096K, used 2512K [0x0000000080000000, 0x0000000100000000)
  region size 1024K, 3 young (3072K), 3 survivors (3072K)
 Metaspace       used 1117K, committed 1280K, reserved 1114112K
  class space    used 78K, committed 128K, reserved 1048576K
}
Event: 16.618 GC heap before
{Heap before GC invocations=1 (full 0):
 garbage-first heap   total 260096K, used 39376K [0x0000000080000000, 0x0000000100000000)
  region size 1024K, 36 young (36864K), 3 survivors (3072K)
 Metaspace       used 4441K, committed 4608K, reserved 1114112K
  class space    used 552K, committed 640K, reserved 1048576K
}
Event: 16.625 GC heap after
{Heap after GC invocations=2 (full 0):
 garbage-first heap   total 260096K, used 10774K [0x0000000080000000, 0x0000000100000000)
  region size 1024K, 5 young (5120K), 5 survivors (5120K)
 Metaspace       used 4441K, committed 4608K, reserved 1114112K
  class space    used 552K, committed 640K, reserved 1048576K
}
Event: 23.829 GC heap before
{Heap before GC invocations=2 (full 0):
 garbage-first heap   total 260096K, used 58902K [0x0000000080000000, 0x0000000100000000)
  region size 1024K, 50 young (51200K), 5 survivors (5120K)
 Metaspace       used 4737K, committed 4928K, reserved 1114112K
  class space    used 595K, committed 704K, reserved 1048576K
}
Event: 23.841 GC heap after
{Heap after GC invocations=3 (full 0):
 garbage-first heap   total 260096K, used 16029K [0x0000000080000000, 0x0000000100000000)
  region size 1024K, 5 young (5120K), 5 survivors (5120K)
 Metaspace       used 4737K, committed 4928K, reserved 1114112K
  class space    used 595K, committed 704K, reserved 1048576K
}

